<?xml version="1.0" encoding="UTF-8"?>
<testsuite xmlns:xsi="http://www.w3.org/2001/XMLSchema-instance" xsi:noNamespaceSchemaLocation="https://maven.apache.org/surefire/maven-surefire-plugin/xsd/surefire-test-report-3.0.xsd" version="3.0" name="com.example.springdeploy.SpringDeployApplicationTests" time="0.245" tests="1" errors="0" skipped="0" failures="0">
  <properties>
[...]
</properties>
  <testcase name="contextLoads" classname="com.example.springdeploy.SpringDeployApplicationTests" time="0.138">
    <system-out><![CDATA[PATH C:\WINDOWS\system32;C:\WINDOWS;C:\WINDOWS\System32\Wbem;C:\WINDOWS\System32\WindowsPowerShell\v1.0\;C:\WINDOWS\System32\OpenSSH\;C:\Program Files\Git\cmd;C:\Program Files\dotnet\;C:\HashiCorp\Vagrant\bin;C:\Program Files\Docker\Docker\resources\bin;C:\Program Files\nodejs\;C:\ProgramData\chocolatey\bin;C:\MinGW;C:\Program Files\PuTTY\;C:\Program Files\php-8.1.24-nts-Win32-vs16-x64;C:\curl;C:\ProgramData\ComposerSetup\bin;C:\Users\57315\AppData\Local\Programs\Python\Python311\Scripts\;C:\Users\57315\AppData\Local\Programs\Python\Python311\;C:\Program Files\MySQL\MySQL Shell 8.0\bin\;C:\Users\57315\AppData\Local\Microsoft\WindowsApps;C:\Users\57315\AppData\Local\Programs\Microsoft VS Code\bin;C:\Users\57315\.dotnet\tools;C:\src\flutter_windows_3.10.5-stable\flutter\bin;C:\Gradle\gradle-7.5.1\bin;C:\Program Files\MongoDB\Server\6.0\bin;C:\Users\57315\.jdks\jdk-19.0.1\bin;C:\Program Files\JetBrains\PyCharm Community Edition 2022.2.3\bin;;C:\Users\57315\AppData\Roaming\npm;C:\src\sqlite-tools-3;C:\Users\57315\AppData\Local\Programs\oh-my-posh\bin;C:\Program Files\MongoDB\mongosh-1.10.1-win32-x64\bin;C:\Users\57315\AppData\Roaming\Composer\vendor\bin
USERDOMAIN_ROAMINGPROFILE LAPTOP-3EFCC7U6
PROCESSOR_LEVEL 23
SYSTEMDRIVE C:
SESSIONNAME Console
ALLUSERSPROFILE C:\ProgramData
PROCESSOR_ARCHITECTURE AMD64
DRIVERDATA C:\Windows\System32\Drivers\DriverData
PROGRAMFILES C:\Program Files
PSMODULEPATH C:\Program Files\WindowsPowerShell\Modules;C:\WINDOWS\system32\WindowsPowerShell\v1.0\Modules
PROGRAMDATA C:\ProgramData
CHOCOLATEYLASTPATHUPDATE 133183816630533913
USERNAME 57315
FPS_BROWSER_USER_PROFILE_STRING Default
ONEDRIVE C:\Users\57315\OneDrive
PATHEXT .COM;.EXE;.BAT;.CMD;.VBS;.VBE;.JS;.JSE;.WSF;.WSH;.MSC
POSH_THEMES_PATH C:\Users\57315\AppData\Local\Programs\oh-my-posh\themes
WINDIR C:\WINDOWS
HOMEPATH \Users\57315
PROCESSOR_IDENTIFIER AMD64 Family 23 Model 24 Stepping 1, AuthenticAMD
PUBLIC C:\Users\Public
=:: ::\
POSH_INSTALLER winget
PYCHARM COMMUNITY EDITION C:\Program Files\JetBrains\PyCharm Community Edition 2022.2.3\bin;
OPENSSL_CONF C:\Program Files\PostgreSQL\psqlODBC\etc\openssl.cnf
LOCALAPPDATA C:\Users\57315\AppData\Local
COMMONPROGRAMFILES(X86) C:\Program Files (x86)\Common Files
USERDOMAIN LAPTOP-3EFCC7U6
FPS_BROWSER_APP_PROFILE_STRING Internet Explorer
LOGONSERVER \\LAPTOP-3EFCC7U6
JAVA_HOME C:\Users\57315\.jdks\jdk-19.0.1
PROMPT $P$G
PROGRAMFILES(X86) C:\Program Files (x86)
=C: C:\Users\57315\Desktop\Projects\spring boot\spring-deploy
APPDATA C:\Users\57315\AppData\Roaming
VBOX_HWVIRTEX_IGNORE_SVM_IN_USE 1
PROGRAMW6432 C:\Program Files
SYSTEMROOT C:\WINDOWS
CHOCOLATEYINSTALL C:\ProgramData\chocolatey
VBOX_MSI_INSTALL_PATH C:\Program Files\Oracle\VirtualBox\
OS Windows_NT
COMMONPROGRAMW6432 C:\Program Files\Common Files
COMPUTERNAME LAPTOP-3EFCC7U6
COMMONPROGRAMFILES C:\Program Files\Common Files
COMSPEC C:\WINDOWS\system32\cmd.exe
PROCESSOR_REVISION 1801
TEMP C:\Users\57315\AppData\Local\Temp
HOMEDRIVE C:
USERPROFILE C:\Users\57315
TMP C:\Users\57315\AppData\Local\Temp
NUMBER_OF_PROCESSORS 8
IDEA_INITIAL_DIRECTORY C:\Program Files\JetBrains\IntelliJ IDEA Community Edition 2022.2.3\bin
]]></system-out>
  </testcase>
</testsuite>